[35m[Appium][39m Welcome to Appium v1.22.3
[35m[Appium][39m Non-default server args:
[35m[Appium][39m   port: 63487
[35m[Appium][39m   loglevel: info
[35m[Appium][39m   tmpDir: C:\Users\ad\AppData\Local\Temp\\Katalon\Appium\Temp1674215801951
[35m[Appium][39m   chromedriverPort: 63488
[35m[Appium][39m Deprecated server args:
[35m[Appium][39m   [31m--chromedriver-port[39m => --default-capabilities
[35m[Appium][39m Default capabilities, which will be added to each request unless overridden by desired capabilities:
[35m[Appium][39m   chromedriverPort: 63488
[35m[Appium][39m Appium REST http interface listener started on 0.0.0.0:63487
[35m[HTTP][39m [37m-->[39m [37mGET[39m [37m/wd/hub/status[39m
[35m[HTTP][39m [90m{}[39m
[35m[HTTP][39m [37m<-- GET /wd/hub/status [39m[32m200[39m [90m5 ms - 68[39m
[35m[HTTP][39m [90m[39m
[35m[HTTP][39m [37m-->[39m [37mGET[39m [37m/wd/hub/status[39m
[35m[HTTP][39m [90m{}[39m
[35m[HTTP][39m [37m<-- GET /wd/hub/status [39m[32m200[39m [90m1 ms - 68[39m
[35m[HTTP][39m [90m[39m
[35m[HTTP][39m [37m-->[39m [37mPOST[39m [37m/wd/hub/session[39m
[35m[HTTP][39m [90m{"desiredCapabilities":{"appActivity":".Settings","appPackage":"com.android.settings","newCommandTimeout":1800,"platformVersion":"11","automationName":"uiautomator2","autoGrantPermissions":true,"platformName":"Android","udid":"BGB00161394","deviceName":"vsmart Live 4 (Android 11)","platform":"ANDROID","systemPort":8209},"capabilities":{"firstMatch":[{"appium:appActivity":".Settings","appium:appPackage":"com.android.settings","appium:autoGrantPermissions":true,"appium:automationName":"uiautomator2","appium:deviceName":"vsmart Live 4 (Android 11)","appium:newCommandTimeout":1800,"platform":"ANDROID","platformName":"android","appium:platformVersion":"11","appium:systemPort":8209,"appium:udid":"BGB00161394"}]}}[39m
[35m[BaseDriver][39m The following capabilities are not standard capabilities and should have an extension prefix:
[35m[BaseDriver][39m   platform
[35m[BaseDriver][39m   chromedriverPort
[35m[Appium][39m Appium v1.22.3 creating new AndroidUiautomator2Driver (v1.70.1) session
[35m[BaseDriver][39m The following capabilities were provided, but are not recognized by Appium:
[35m[BaseDriver][39m   platform
[35m[BaseDriver][39m Session created with session id: ee3ddf8c-0c4a-4c54-b960-20ba46fb89e2
[35m[UiAutomator2][39m Starting 'com.android.settings' directly on the device
[35m[ADB][39m Found 1 'build-tools' folders under 'C:\Users\ad\.katalon\tools\android_sdk' (newest first):
[35m[ADB][39m     C:/Users/ad/.katalon/tools/android_sdk/build-tools/29.0.3
[35m[ADB][39m Using 'adb.exe' from 'C:\Users\ad\.katalon\tools\android_sdk\platform-tools\adb.exe'
[35m[AndroidDriver][39m Retrieving device list
[35m[AndroidDriver][39m Using device: BGB00161394
[35m[ADB][39m Using 'adb.exe' from 'C:\Users\ad\.katalon\tools\android_sdk\platform-tools\adb.exe'
[35m[ADB][39m Getting device platform version
[35m[UiAutomator2][39m Relaxing hidden api policy
[35m[AndroidDriver][39m No app sent in, not parsing package/activity
[35m[ADB][39m Using 'apksigner.jar' from 'C:\Users\ad\.katalon\tools\android_sdk\build-tools\29.0.3\lib\apksigner.jar'
[35m[ADB][39m 'C:\Users\ad\AppData\Roaming\npm\node_modules\appium\node_modules\appium-uiautomator2-server\apks\appium-uiautomator2-server-v4.27.0.apk' is signed with the default certificate
[35m[ADB][39m 'C:\Users\ad\AppData\Roaming\npm\node_modules\appium\node_modules\appium-uiautomator2-server\apks\appium-uiautomator2-server-debug-androidTest.apk' is signed with the default certificate
[35m[UiAutomator2][39m Server packages are not going to be (re)installed
[35m[ADB][39m Adding packages ["io.appium.settings","io.appium.uiautomator2.server","io.appium.uiautomator2.server.test"] to Doze whitelist
[35m[UiAutomator2][39m Starting UIAutomator2 server 4.27.0
[35m[UiAutomator2][39m Using UIAutomator2 server from 'C:\Users\ad\AppData\Roaming\npm\node_modules\appium\node_modules\appium-uiautomator2-server\apks\appium-uiautomator2-server-v4.27.0.apk' and test from 'C:\Users\ad\AppData\Roaming\npm\node_modules\appium\node_modules\appium-uiautomator2-server\apks\appium-uiautomator2-server-debug-androidTest.apk'
[35m[UiAutomator2][39m Waiting up to 30000ms for UiAutomator2 to be online...
[35m[WD Proxy][39m socket hang up
[35m[WD Proxy][39m socket hang up
[35m[WD Proxy][39m Determined the downstream protocol as 'W3C'
[35m[AndroidDriver][39m Screen already unlocked, doing nothing
[35m[UiAutomator2][39m Starting 'com.android.settings/.Settings and waiting for 'com.android.settings/.Settings'
[35m[Appium][39m New AndroidUiautomator2Driver session created successfully, session ee3ddf8c-0c4a-4c54-b960-20ba46fb89e2 added to master session list
[35m[HTTP][39m [37m<-- POST /wd/hub/session [39m[32m200[39m [90m7425 ms - 1148[39m
[35m[HTTP][39m [90m[39m
[35m[HTTP][39m [37m-->[39m [37mGET[39m [37m/wd/hub/session/ee3ddf8c-0c4a-4c54-b960-20ba46fb89e2[39m
[35m[HTTP][39m [90m{}[39m
[35m[HTTP][39m [37m<-- GET /wd/hub/session/ee3ddf8c-0c4a-4c54-b960-20ba46fb89e2 [39m[32m200[39m [90m9 ms - 1102[39m
[35m[HTTP][39m [90m[39m
[35m[HTTP][39m [37m-->[39m [37mGET[39m [37m/wd/hub/session/ee3ddf8c-0c4a-4c54-b960-20ba46fb89e2[39m
[35m[HTTP][39m [90m{}[39m
[35m[HTTP][39m [37m<-- GET /wd/hub/session/ee3ddf8c-0c4a-4c54-b960-20ba46fb89e2 [39m[32m200[39m [90m9 ms - 1102[39m
[35m[HTTP][39m [90m[39m
[35m[HTTP][39m [37m-->[39m [37mGET[39m [37m/wd/hub/status[39m
[35m[HTTP][39m [90m{}[39m
[35m[HTTP][39m [37m<-- GET /wd/hub/status [39m[32m200[39m [90m1 ms - 68[39m
[35m[HTTP][39m [90m[39m
[35m[HTTP][39m [37m-->[39m [37mPOST[39m [37m/wd/hub/session/ee3ddf8c-0c4a-4c54-b960-20ba46fb89e2/timeouts[39m
[35m[HTTP][39m [90m{"implicit":60000}[39m
[35m[HTTP][39m [37m<-- POST /wd/hub/session/ee3ddf8c-0c4a-4c54-b960-20ba46fb89e2/timeouts [39m[32m200[39m [90m2 ms - 14[39m
[35m[HTTP][39m [90m[39m
[35m[HTTP][39m [37m-->[39m [37mGET[39m [37m/wd/hub/session/ee3ddf8c-0c4a-4c54-b960-20ba46fb89e2/screenshot[39m
[35m[HTTP][39m [90m{}[39m
[35m[HTTP][39m [37m<-- GET /wd/hub/session/ee3ddf8c-0c4a-4c54-b960-20ba46fb89e2/screenshot [39m[32m200[39m [90m348 ms - 249042[39m
[35m[HTTP][39m [90m[39m
[35m[HTTP][39m [37m-->[39m [37mGET[39m [37m/wd/hub/session/ee3ddf8c-0c4a-4c54-b960-20ba46fb89e2/window/rect[39m
[35m[HTTP][39m [90m{}[39m
[35m[HTTP][39m [37m<-- GET /wd/hub/session/ee3ddf8c-0c4a-4c54-b960-20ba46fb89e2/window/rect [39m[32m200[39m [90m15 ms - 50[39m
[35m[HTTP][39m [90m[39m
[35m[HTTP][39m [37m-->[39m [37mGET[39m [37m/wd/hub/session/ee3ddf8c-0c4a-4c54-b960-20ba46fb89e2/appium/device/system_bars[39m
[35m[HTTP][39m [90m{}[39m
[35m[HTTP][39m [37m<-- GET /wd/hub/session/ee3ddf8c-0c4a-4c54-b960-20ba46fb89e2/appium/device/system_bars [39m[32m200[39m [90m65 ms - 148[39m
[35m[HTTP][39m [90m[39m
[35m[HTTP][39m [37m-->[39m [37mPOST[39m [37m/wd/hub/session/ee3ddf8c-0c4a-4c54-b960-20ba46fb89e2/appium/device/activate_app[39m
[35m[HTTP][39m [90m{"bundleId":"com.hmh.api"}[39m
[35m[HTTP][39m [37m<-- POST /wd/hub/session/ee3ddf8c-0c4a-4c54-b960-20ba46fb89e2/appium/device/activate_app [39m[32m200[39m [90m293 ms - 14[39m
[35m[HTTP][39m [90m[39m
[35m[HTTP][39m [37m-->[39m [37mGET[39m [37m/wd/hub/session/ee3ddf8c-0c4a-4c54-b960-20ba46fb89e2/source[39m
[35m[HTTP][39m [90m{}[39m
[35m[W3C (ee3ddf8c)][39m Driver proxy active, passing request on via HTTP proxy
[35m[WD Proxy][39m Replacing sessionId 06c9201a-6581-4d11-81d1-d3dc90d5144c with ee3ddf8c-0c4a-4c54-b960-20ba46fb89e2
[35m[HTTP][39m [37m<-- GET /wd/hub/session/ee3ddf8c-0c4a-4c54-b960-20ba46fb89e2/source [39m[32m200[39m [90m532 ms - 8496[39m
[35m[HTTP][39m [90m[39m
[35m[HTTP][39m [37m-->[39m [37mGET[39m [37m/wd/hub/session/ee3ddf8c-0c4a-4c54-b960-20ba46fb89e2/screenshot[39m
[35m[HTTP][39m [90m{}[39m
[35m[HTTP][39m [37m<-- GET /wd/hub/session/ee3ddf8c-0c4a-4c54-b960-20ba46fb89e2/screenshot [39m[32m200[39m [90m329 ms - 141266[39m
[35m[HTTP][39m [90m[39m
[35m[HTTP][39m [37m-->[39m [37mPOST[39m [37m/wd/hub/session/ee3ddf8c-0c4a-4c54-b960-20ba46fb89e2/elements[39m
[35m[HTTP][39m [90m{"using":"xpath","value":"//*[@class = 'android.widget.TextView' and (@text = 'Accessibility' or . = 'Accessibility') and @resource-id = 'android:id/text1']"}[39m
[35m[HTTP][39m [37m<-- POST /wd/hub/session/ee3ddf8c-0c4a-4c54-b960-20ba46fb89e2/elements [39m[32m200[39m [90m241 ms - 139[39m
[35m[HTTP][39m [90m[39m
[35m[HTTP][39m [37m-->[39m [37mPOST[39m [37m/wd/hub/session/ee3ddf8c-0c4a-4c54-b960-20ba46fb89e2/elements[39m
[35m[HTTP][39m [90m{"using":"xpath","value":"//*[@class = 'android.widget.TextView' and (@text = 'Accessibility' or . = 'Accessibility') and @resource-id = 'android:id/text1']"}[39m
[35m[HTTP][39m [37m<-- POST /wd/hub/session/ee3ddf8c-0c4a-4c54-b960-20ba46fb89e2/elements [39m[32m200[39m [90m59 ms - 139[39m
[35m[HTTP][39m [90m[39m
[35m[HTTP][39m [37m-->[39m [37mGET[39m [37m/wd/hub/session/ee3ddf8c-0c4a-4c54-b960-20ba46fb89e2/source[39m
[35m[HTTP][39m [90m{}[39m
[35m[W3C (ee3ddf8c)][39m Driver proxy active, passing request on via HTTP proxy
[35m[WD Proxy][39m Replacing sessionId 06c9201a-6581-4d11-81d1-d3dc90d5144c with ee3ddf8c-0c4a-4c54-b960-20ba46fb89e2
[35m[HTTP][39m [37m<-- GET /wd/hub/session/ee3ddf8c-0c4a-4c54-b960-20ba46fb89e2/source [39m[32m200[39m [90m42 ms - 8496[39m
[35m[HTTP][39m [90m[39m
[35m[HTTP][39m [37m-->[39m [37mGET[39m [37m/wd/hub/session/ee3ddf8c-0c4a-4c54-b960-20ba46fb89e2/screenshot[39m
[35m[HTTP][39m [90m{}[39m
[35m[HTTP][39m [37m<-- GET /wd/hub/session/ee3ddf8c-0c4a-4c54-b960-20ba46fb89e2/screenshot [39m[32m200[39m [90m319 ms - 140068[39m
[35m[HTTP][39m [90m[39m
[35m[HTTP][39m [37m-->[39m [37mPOST[39m [37m/wd/hub/session/ee3ddf8c-0c4a-4c54-b960-20ba46fb89e2/elements[39m
[35m[HTTP][39m [90m{"using":"xpath","value":"//*[@class = 'android.widget.TextView' and (@text = 'Accessibility' or . = 'Accessibility') and @resource-id = 'android:id/text1']"}[39m
[35m[HTTP][39m [37m<-- POST /wd/hub/session/ee3ddf8c-0c4a-4c54-b960-20ba46fb89e2/elements [39m[32m200[39m [90m51 ms - 139[39m
[35m[HTTP][39m [90m[39m
[35m[HTTP][39m [37m-->[39m [37mGET[39m [37m/wd/hub/session/ee3ddf8c-0c4a-4c54-b960-20ba46fb89e2/window/rect[39m
[35m[HTTP][39m [90m{}[39m
[35m[HTTP][39m [37m<-- GET /wd/hub/session/ee3ddf8c-0c4a-4c54-b960-20ba46fb89e2/window/rect [39m[32m200[39m [90m13 ms - 50[39m
[35m[HTTP][39m [90m[39m
[35m[HTTP][39m [37m-->[39m [37mPOST[39m [37m/wd/hub/session/ee3ddf8c-0c4a-4c54-b960-20ba46fb89e2/elements[39m
[35m[HTTP][39m [90m{"using":"xpath","value":"//*[@class = 'android.widget.TextView' and (@text = 'Accessibility' or . = 'Accessibility') and @resource-id = 'android:id/text1']"}[39m
[35m[HTTP][39m [37m<-- POST /wd/hub/session/ee3ddf8c-0c4a-4c54-b960-20ba46fb89e2/elements [39m[32m200[39m [90m56 ms - 139[39m
[35m[HTTP][39m [90m[39m
[35m[HTTP][39m [37m-->[39m [37mGET[39m [37m/wd/hub/session/ee3ddf8c-0c4a-4c54-b960-20ba46fb89e2/element/00000000-0000-00ad-ffff-ffff00000009/location[39m
[35m[HTTP][39m [90m{}[39m
[35m[W3C (ee3ddf8c)][39m Driver proxy active, passing request on via HTTP proxy
[35m[WD Proxy][39m Replacing sessionId 06c9201a-6581-4d11-81d1-d3dc90d5144c with ee3ddf8c-0c4a-4c54-b960-20ba46fb89e2
[35m[HTTP][39m [37m<-- GET /wd/hub/session/ee3ddf8c-0c4a-4c54-b960-20ba46fb89e2/element/00000000-0000-00ad-ffff-ffff00000009/location [39m[32m200[39m [90m17 ms - 76[39m
[35m[HTTP][39m [90m[39m
[35m[HTTP][39m [37m-->[39m [37mPOST[39m [37m/wd/hub/session/ee3ddf8c-0c4a-4c54-b960-20ba46fb89e2/element/00000000-0000-00ad-ffff-ffff00000009/click[39m
[35m[HTTP][39m [90m{"id":"00000000-0000-00ad-ffff-ffff00000009"}[39m
[35m[HTTP][39m [37m<-- POST /wd/hub/session/ee3ddf8c-0c4a-4c54-b960-20ba46fb89e2/element/00000000-0000-00ad-ffff-ffff00000009/click [39m[32m200[39m [90m725 ms - 14[39m
[35m[HTTP][39m [90m[39m
[35m[HTTP][39m [37m-->[39m [37mGET[39m [37m/wd/hub/session/ee3ddf8c-0c4a-4c54-b960-20ba46fb89e2/source[39m
[35m[HTTP][39m [90m{}[39m
[35m[W3C (ee3ddf8c)][39m Driver proxy active, passing request on via HTTP proxy
[35m[WD Proxy][39m Replacing sessionId 06c9201a-6581-4d11-81d1-d3dc90d5144c with ee3ddf8c-0c4a-4c54-b960-20ba46fb89e2
[35m[HTTP][39m [37m<-- GET /wd/hub/session/ee3ddf8c-0c4a-4c54-b960-20ba46fb89e2/source [39m[32m200[39m [90m26 ms - 4037[39m
[35m[HTTP][39m [90m[39m
[35m[HTTP][39m [37m-->[39m [37mGET[39m [37m/wd/hub/session/ee3ddf8c-0c4a-4c54-b960-20ba46fb89e2/screenshot[39m
[35m[HTTP][39m [90m{}[39m
[35m[HTTP][39m [37m<-- GET /wd/hub/session/ee3ddf8c-0c4a-4c54-b960-20ba46fb89e2/screenshot [39m[32m200[39m [90m316 ms - 82266[39m
[35m[HTTP][39m [90m[39m
[35m[HTTP][39m [37m-->[39m [37mDELETE[39m [37m/wd/hub/session/ee3ddf8c-0c4a-4c54-b960-20ba46fb89e2[39m
[35m[HTTP][39m [90m{}[39m
[35m[Appium][39m Removing session ee3ddf8c-0c4a-4c54-b960-20ba46fb89e2 from our master session list
[35m[UiAutomator2][39m Restoring hidden api policy to the device default configuration
[35m[HTTP][39m [37m<-- DELETE /wd/hub/session/ee3ddf8c-0c4a-4c54-b960-20ba46fb89e2 [39m[32m200[39m [90m197 ms - 14[39m
[35m[HTTP][39m [90m[39m
